<?xml version="1.0" encoding="UTF-8"?>
<!-- Generated by org.testng.reporters.JUnitXMLReporter -->
<testsuite ignored="0" hostname="LMC-LT-077" failures="1" tests="1" name="Test_All" time="21.644" errors="0" timestamp="2022-09-18T14:44:22 IST">
  <testcase classname="com.vGive.testcases.LoginTest" name="login" time="13.402">
    <failure type="java.lang.AssertionError" message="user is redirecting to manageFundraiser page expected [true] but found [false]">
      <![CDATA[java.lang.AssertionError: user is redirecting to manageFundraiser page expected [true] but found [false]
at com.vGive.testcases.LoginTest.login(LoginTest.java:53)
at java.base/java.util.ArrayList.forEach(ArrayList.java:1511)
... Removed 30 stack frames]]>
    </failure>
  </testcase> <!-- login -->
</testsuite> <!-- Test_All -->
